# JRE version: OpenJDK Runtime Environment Temurin-17.0.10+7 (17.0.10+7) (build 17.0.10+7)
# Java VM: OpenJDK 64-Bit Server VM Temurin-17.0.10+7 (17.0.10+7, mixed mode, tiered, compressed oops, compressed class ptrs, parallel gc, windows-amd64)
GC Precious Log:
 CPUs: 16 total, 16 available
 Memory: 15791M
 Large Page Support: Disabled
 NUMA Support: Disabled
 Compressed Oops: Enabled (32-bit)
 Alignments: Space 512K, Generation 512K, Heap 2M
 Heap Min Capacity: 100M
 Heap Initial Capacity: 100M
 Heap Max Capacity: 1G
 Pre-touch: Disabled
 Parallel Workers: 13
Heap:
 PSYoungGen      total 28672K, used 8703K [0x00000000eab00000, 0x00000000ed080000, 0x0000000100000000)
  eden space 23552K, 15% used [0x00000000eab00000,0x00000000eae803b8,0x00000000ec200000)
  from space 5120K, 99% used [0x00000000ecb80000,0x00000000ed07f9f8,0x00000000ed080000)
  to   space 5632K, 0% used [0x00000000ec580000,0x00000000ec580000,0x00000000ecb00000)
 ParOldGen       total 441856K, used 349705K [0x00000000c0000000, 0x00000000daf80000, 0x00000000eab00000)
  object space 441856K, 79% used [0x00000000c0000000,0x00000000d5582590,0x00000000daf80000)
 Metaspace       used 78453K, committed 79808K, reserved 1179648K
  class space    used 8558K, committed 9152K, reserved 1048576K
GC Heap History (20 events):
Event: 50.185 GC heap before
{Heap before GC invocations=272 (full 17):
 PSYoungGen      total 28672K, used 28363K [0x00000000eab00000, 0x00000000ed600000, 0x0000000100000000)
  eden space 24576K, 100% used [0x00000000eab00000,0x00000000ec300000,0x00000000ec300000)
  from space 4096K, 92% used [0x00000000ed200000,0x00000000ed5b2c40,0x00000000ed600000)
  to   space 4608K, 0% used [0x00000000ecd00000,0x00000000ecd00000,0x00000000ed180000)
 ParOldGen       total 594432K, used 557142K [0x00000000c0000000, 0x00000000e4480000, 0x00000000eab00000)
  object space 594432K, 93% used [0x00000000c0000000,0x00000000e2015aa0,0x00000000e4480000)
 Metaspace       used 75663K, committed 76992K, reserved 1179648K
  class space    used 8426K, committed 9024K, reserved 1048576K
}
Event: 50.193 GC heap after
{Heap after GC invocations=272 (full 17):
 PSYoungGen      total 29184K, used 4578K [0x00000000eab00000, 0x00000000ed500000, 0x0000000100000000)
  eden space 24576K, 0% used [0x00000000eab00000,0x00000000eab00000,0x00000000ec300000)
  from space 4608K, 99% used [0x00000000ecd00000,0x00000000ed1788d0,0x00000000ed180000)
  to   space 3584K, 0% used [0x00000000ed180000,0x00000000ed180000,0x00000000ed500000)
 ParOldGen       total 594432K, used 560845K [0x00000000c0000000, 0x00000000e4480000, 0x00000000eab00000)
  object space 594432K, 94% used [0x00000000c0000000,0x00000000e23b3638,0x00000000e4480000)
 Metaspace       used 75663K, committed 76992K, reserved 1179648K
  class space    used 8426K, committed 9024K, reserved 1048576K
}
Event: 50.896 GC heap before
{Heap before GC invocations=273 (full 17):
 PSYoungGen      total 29184K, used 29154K [0x00000000eab00000, 0x00000000ed500000, 0x0000000100000000)
  eden space 24576K, 100% used [0x00000000eab00000,0x00000000ec300000,0x00000000ec300000)
  from space 4608K, 99% used [0x00000000ecd00000,0x00000000ed1788d0,0x00000000ed180000)
  to   space 3584K, 0% used [0x00000000ed180000,0x00000000ed180000,0x00000000ed500000)
 ParOldGen       total 594432K, used 560845K [0x00000000c0000000, 0x00000000e4480000, 0x00000000eab00000)
  object space 594432K, 94% used [0x00000000c0000000,0x00000000e23b3638,0x00000000e4480000)
 Metaspace       used 76699K, committed 78016K, reserved 1179648K
  class space    used 8491K, committed 9088K, reserved 1048576K
}
Event: 50.906 GC heap after
{Heap after GC invocations=273 (full 17):
 PSYoungGen      total 28160K, used 3567K [0x00000000eab00000, 0x00000000ed800000, 0x0000000100000000)
  eden space 24576K, 0% used [0x00000000eab00000,0x00000000eab00000,0x00000000ec300000)
  from space 3584K, 99% used [0x00000000ed180000,0x00000000ed4fbfd0,0x00000000ed500000)
  to   space 10752K, 0% used [0x00000000ec300000,0x00000000ec300000,0x00000000ecd80000)
 ParOldGen       total 594432K, used 567073K [0x00000000c0000000, 0x00000000e4480000, 0x00000000eab00000)
  object space 594432K, 95% used [0x00000000c0000000,0x00000000e29c8430,0x00000000e4480000)
 Metaspace       used 76699K, committed 78016K, reserved 1179648K
  class space    used 8491K, committed 9088K, reserved 1048576K
}
Event: 51.489 GC heap before
{Heap before GC invocations=274 (full 17):
 PSYoungGen      total 28160K, used 28143K [0x00000000eab00000, 0x00000000ed800000, 0x0000000100000000)
  eden space 24576K, 100% used [0x00000000eab00000,0x00000000ec300000,0x00000000ec300000)
  from space 3584K, 99% used [0x00000000ed180000,0x00000000ed4fbfd0,0x00000000ed500000)
  to   space 10752K, 0% used [0x00000000ec300000,0x00000000ec300000,0x00000000ecd80000)
 ParOldGen       total 594432K, used 567073K [0x00000000c0000000, 0x00000000e4480000, 0x00000000eab00000)
  object space 594432K, 95% used [0x00000000c0000000,0x00000000e29c8430,0x00000000e4480000)
 Metaspace       used 77206K, committed 78528K, reserved 1179648K
  class space    used 8493K, committed 9088K, reserved 1048576K
}
Event: 51.498 GC heap after
{Heap after GC invocations=274 (full 17):
 PSYoungGen      total 29696K, used 4907K [0x00000000eab00000, 0x00000000ed200000, 0x0000000100000000)
  eden space 24576K, 0% used [0x00000000eab00000,0x00000000eab00000,0x00000000ec300000)
  from space 5120K, 95% used [0x00000000ec300000,0x00000000ec7cac78,0x00000000ec800000)
  to   space 7168K, 0% used [0x00000000ecb00000,0x00000000ecb00000,0x00000000ed200000)
 ParOldGen       total 594432K, used 570327K [0x00000000c0000000, 0x00000000e4480000, 0x00000000eab00000)
  object space 594432K, 95% used [0x00000000c0000000,0x00000000e2cf5cc0,0x00000000e4480000)
 Metaspace       used 77206K, committed 78528K, reserved 1179648K
  class space    used 8493K, committed 9088K, reserved 1048576K
}
Event: 51.990 GC heap before
{Heap before GC invocations=275 (full 17):
 PSYoungGen      total 29696K, used 29483K [0x00000000eab00000, 0x00000000ed200000, 0x0000000100000000)
  eden space 24576K, 100% used [0x00000000eab00000,0x00000000ec300000,0x00000000ec300000)
  from space 5120K, 95% used [0x00000000ec300000,0x00000000ec7cac78,0x00000000ec800000)
  to   space 7168K, 0% used [0x00000000ecb00000,0x00000000ecb00000,0x00000000ed200000)
 ParOldGen       total 594432K, used 570327K [0x00000000c0000000, 0x00000000e4480000, 0x00000000eab00000)
  object space 594432K, 95% used [0x00000000c0000000,0x00000000e2cf5cc0,0x00000000e4480000)
 Metaspace       used 77414K, committed 78784K, reserved 1179648K
  class space    used 8498K, committed 9088K, reserved 1048576K
}
Event: 51.996 GC heap after
{Heap after GC invocations=275 (full 17):
 PSYoungGen      total 30720K, used 7163K [0x00000000eab00000, 0x00000000ed500000, 0x0000000100000000)
  eden space 23552K, 0% used [0x00000000eab00000,0x00000000eab00000,0x00000000ec200000)
  from space 7168K, 99% used [0x00000000ecb00000,0x00000000ed1feed8,0x00000000ed200000)
  to   space 9216K, 0% used [0x00000000ec200000,0x00000000ec200000,0x00000000ecb00000)
 ParOldGen       total 594432K, used 571433K [0x00000000c0000000, 0x00000000e4480000, 0x00000000eab00000)
  object space 594432K, 96% used [0x00000000c0000000,0x00000000e2e0a7f8,0x00000000e4480000)
 Metaspace       used 77414K, committed 78784K, reserved 1179648K
  class space    used 8498K, committed 9088K, reserved 1048576K
}
Event: 52.398 GC heap before
{Heap before GC invocations=276 (full 17):
 PSYoungGen      total 30720K, used 30715K [0x00000000eab00000, 0x00000000ed500000, 0x0000000100000000)
  eden space 23552K, 100% used [0x00000000eab00000,0x00000000ec200000,0x00000000ec200000)
  from space 7168K, 99% used [0x00000000ecb00000,0x00000000ed1feed8,0x00000000ed200000)
  to   space 9216K, 0% used [0x00000000ec200000,0x00000000ec200000,0x00000000ecb00000)
 ParOldGen       total 594432K, used 571433K [0x00000000c0000000, 0x00000000e4480000, 0x00000000eab00000)
  object space 594432K, 96% used [0x00000000c0000000,0x00000000e2e0a7f8,0x00000000e4480000)
 Metaspace       used 77548K, committed 78912K, reserved 1179648K
  class space    used 8498K, committed 9088K, reserved 1048576K
}
Event: 52.407 GC heap after
{Heap after GC invocations=276 (full 17):
 PSYoungGen      total 26624K, used 2887K [0x00000000eab00000, 0x00000000ecc00000, 0x0000000100000000)
  eden space 23552K, 0% used [0x00000000eab00000,0x00000000eab00000,0x00000000ec200000)
  from space 3072K, 94% used [0x00000000ec200000,0x00000000ec4d1fb8,0x00000000ec500000)
  to   space 5120K, 0% used [0x00000000ec700000,0x00000000ec700000,0x00000000ecc00000)
 ParOldGen       total 594432K, used 578509K [0x00000000c0000000, 0x00000000e4480000, 0x00000000eab00000)
  object space 594432K, 97% used [0x00000000c0000000,0x00000000e34f3758,0x00000000e4480000)
 Metaspace       used 77548K, committed 78912K, reserved 1179648K
  class space    used 8498K, committed 9088K, reserved 1048576K
}
Event: 53.063 GC heap before
{Heap before GC invocations=277 (full 17):
 PSYoungGen      total 26624K, used 26439K [0x00000000eab00000, 0x00000000ecc00000, 0x0000000100000000)
  eden space 23552K, 100% used [0x00000000eab00000,0x00000000ec200000,0x00000000ec200000)
  from space 3072K, 94% used [0x00000000ec200000,0x00000000ec4d1fb8,0x00000000ec500000)
  to   space 5120K, 0% used [0x00000000ec700000,0x00000000ec700000,0x00000000ecc00000)
 ParOldGen       total 594432K, used 578509K [0x00000000c0000000, 0x00000000e4480000, 0x00000000eab00000)
  object space 594432K, 97% used [0x00000000c0000000,0x00000000e34f3758,0x00000000e4480000)
 Metaspace       used 77707K, committed 79040K, reserved 1179648K
  class space    used 8506K, committed 9088K, reserved 1048576K
}
Event: 53.068 GC heap after
{Heap after GC invocations=277 (full 17):
 PSYoungGen      total 26624K, used 2878K [0x00000000eab00000, 0x00000000eca00000, 0x0000000100000000)
  eden space 23552K, 0% used [0x00000000eab00000,0x00000000eab00000,0x00000000ec200000)
  from space 3072K, 93% used [0x00000000ec700000,0x00000000ec9cf810,0x00000000eca00000)
  to   space 3584K, 0% used [0x00000000ec300000,0x00000000ec300000,0x00000000ec680000)
 ParOldGen       total 594432K, used 578517K [0x00000000c0000000, 0x00000000e4480000, 0x00000000eab00000)
  object space 594432K, 97% used [0x00000000c0000000,0x00000000e34f5758,0x00000000e4480000)
 Metaspace       used 77707K, committed 79040K, reserved 1179648K
  class space    used 8506K, committed 9088K, reserved 1048576K
}
Event: 53.562 GC heap before
{Heap before GC invocations=278 (full 17):
 PSYoungGen      total 26624K, used 26430K [0x00000000eab00000, 0x00000000eca00000, 0x0000000100000000)
  eden space 23552K, 100% used [0x00000000eab00000,0x00000000ec200000,0x00000000ec200000)
  from space 3072K, 93% used [0x00000000ec700000,0x00000000ec9cf810,0x00000000eca00000)
  to   space 3584K, 0% used [0x00000000ec300000,0x00000000ec300000,0x00000000ec680000)
 ParOldGen       total 594432K, used 578517K [0x00000000c0000000, 0x00000000e4480000, 0x00000000eab00000)
  object space 594432K, 97% used [0x00000000c0000000,0x00000000e34f5758,0x00000000e4480000)
 Metaspace       used 77767K, committed 79168K, reserved 1179648K
  class space    used 8508K, committed 9088K, reserved 1048576K
}
Event: 53.572 GC heap after
{Heap after GC invocations=278 (full 17):
 PSYoungGen      total 27136K, used 3561K [0x00000000eab00000, 0x00000000ee500000, 0x0000000100000000)
  eden space 23552K, 0% used [0x00000000eab00000,0x00000000eab00000,0x00000000ec200000)
  from space 3584K, 99% used [0x00000000ec300000,0x00000000ec67a770,0x00000000ec680000)
  to   space 17920K, 0% used [0x00000000ed380000,0x00000000ed380000,0x00000000ee500000)
 ParOldGen       total 594432K, used 590323K [0x00000000c0000000, 0x00000000e4480000, 0x00000000eab00000)
  object space 594432K, 99% used [0x00000000c0000000,0x00000000e407cef0,0x00000000e4480000)
 Metaspace       used 77767K, committed 79168K, reserved 1179648K
  class space    used 8508K, committed 9088K, reserved 1048576K
}
Event: 53.572 GC heap before
{Heap before GC invocations=279 (full 18):
 PSYoungGen      total 27136K, used 3561K [0x00000000eab00000, 0x00000000ee500000, 0x0000000100000000)
  eden space 23552K, 0% used [0x00000000eab00000,0x00000000eab00000,0x00000000ec200000)
  from space 3584K, 99% used [0x00000000ec300000,0x00000000ec67a770,0x00000000ec680000)
  to   space 17920K, 0% used [0x00000000ed380000,0x00000000ed380000,0x00000000ee500000)
 ParOldGen       total 594432K, used 590323K [0x00000000c0000000, 0x00000000e4480000, 0x00000000eab00000)
  object space 594432K, 99% used [0x00000000c0000000,0x00000000e407cef0,0x00000000e4480000)
 Metaspace       used 77767K, committed 79168K, reserved 1179648K
  class space    used 8508K, committed 9088K, reserved 1048576K
}
Event: 53.670 GC heap after
{Heap after GC invocations=279 (full 18):
 PSYoungGen      total 41472K, used 0K [0x00000000eab00000, 0x00000000ee500000, 0x0000000100000000)
  eden space 23552K, 0% used [0x00000000eab00000,0x00000000eab00000,0x00000000ec200000)
  from space 17920K, 0% used [0x00000000ed380000,0x00000000ed380000,0x00000000ee500000)
  to   space 17920K, 0% used [0x00000000ec200000,0x00000000ec200000,0x00000000ed380000)
 ParOldGen       total 441856K, used 349689K [0x00000000c0000000, 0x00000000daf80000, 0x00000000eab00000)
  object space 441856K, 79% used [0x00000000c0000000,0x00000000d557e590,0x00000000daf80000)
 Metaspace       used 77767K, committed 79168K, reserved 1179648K
  class space    used 8508K, committed 9088K, reserved 1048576K
}
Event: 54.021 GC heap before
{Heap before GC invocations=280 (full 18):
 PSYoungGen      total 41472K, used 23552K [0x00000000eab00000, 0x00000000ee500000, 0x0000000100000000)
  eden space 23552K, 100% used [0x00000000eab00000,0x00000000ec200000,0x00000000ec200000)
  from space 17920K, 0% used [0x00000000ed380000,0x00000000ed380000,0x00000000ee500000)
  to   space 17920K, 0% used [0x00000000ec200000,0x00000000ec200000,0x00000000ed380000)
 ParOldGen       total 441856K, used 349689K [0x00000000c0000000, 0x00000000daf80000, 0x00000000eab00000)
  object space 441856K, 79% used [0x00000000c0000000,0x00000000d557e590,0x00000000daf80000)
 Metaspace       used 77889K, committed 79232K, reserved 1179648K
  class space    used 8511K, committed 9088K, reserved 1048576K
}
Event: 54.026 GC heap after
{Heap after GC invocations=280 (full 18):
 PSYoungGen      total 28672K, used 4766K [0x00000000eab00000, 0x00000000ed400000, 0x0000000100000000)
  eden space 23552K, 0% used [0x00000000eab00000,0x00000000eab00000,0x00000000ec200000)
  from space 5120K, 93% used [0x00000000ec200000,0x00000000ec6a79d8,0x00000000ec700000)
  to   space 8704K, 0% used [0x00000000ecb80000,0x00000000ecb80000,0x00000000ed400000)
 ParOldGen       total 441856K, used 349697K [0x00000000c0000000, 0x00000000daf80000, 0x00000000eab00000)
  object space 441856K, 79% used [0x00000000c0000000,0x00000000d5580590,0x00000000daf80000)
 Metaspace       used 77889K, committed 79232K, reserved 1179648K
  class space    used 8511K, committed 9088K, reserved 1048576K
}
Event: 10238.881 GC heap before
{Heap before GC invocations=281 (full 18):
 PSYoungGen      total 28672K, used 28318K [0x00000000eab00000, 0x00000000ed400000, 0x0000000100000000)
  eden space 23552K, 100% used [0x00000000eab00000,0x00000000ec200000,0x00000000ec200000)
  from space 5120K, 93% used [0x00000000ec200000,0x00000000ec6a79d8,0x00000000ec700000)
  to   space 8704K, 0% used [0x00000000ecb80000,0x00000000ecb80000,0x00000000ed400000)
 ParOldGen       total 441856K, used 349697K [0x00000000c0000000, 0x00000000daf80000, 0x00000000eab00000)
  object space 441856K, 79% used [0x00000000c0000000,0x00000000d5580590,0x00000000daf80000)
 Metaspace       used 78386K, committed 79744K, reserved 1179648K
  class space    used 8554K, committed 9152K, reserved 1048576K
}
Event: 10238.990 GC heap after
{Heap after GC invocations=281 (full 18):
 PSYoungGen      total 28672K, used 5118K [0x00000000eab00000, 0x00000000ed080000, 0x0000000100000000)
  eden space 23552K, 0% used [0x00000000eab00000,0x00000000eab00000,0x00000000ec200000)
  from space 5120K, 99% used [0x00000000ecb80000,0x00000000ed07f9f8,0x00000000ed080000)
  to   space 5632K, 0% used [0x00000000ec580000,0x00000000ec580000,0x00000000ecb00000)
 ParOldGen       total 441856K, used 349705K [0x00000000c0000000, 0x00000000daf80000, 0x00000000eab00000)
  object space 441856K, 79% used [0x00000000c0000000,0x00000000d5582590,0x00000000daf80000)
 Metaspace       used 78386K, committed 79744K, reserved 1179648K
  class space    used 8554K, committed 9152K, reserved 1048576K
}

